
> server@1.0.0 start
> node server.js

[dotenv@17.2.1] injecting env (7) from .env -- tip: 🔐 encrypt with Dotenvx: https://dotenvx.com
[dotenv@17.2.1] injecting env (0) from .env -- tip: ⚙️  specify custom .env file path with { path: '/custom/path/.env' }
[dotenv@17.2.1] injecting env (0) from .env -- tip: 📡 observe env with Radar: https://dotenvx.com/radar
node:internal/modules/cjs/loader:1251
  throw err;
  ^

Error: Cannot find module 'node-cron'
Require stack:
- C:\Users\kspra\Desktop\ARC-APPLICATION\server\routes\memberships.js
- C:\Users\kspra\Desktop\ARC-APPLICATION\server\server.js
    at Module._resolveFilename (node:internal/modules/cjs/loader:1248:15)
    at Module._load (node:internal/modules/cjs/loader:1074:27)     
    at TracingChannel.traceSync (node:diagnostics_channel:315:14)  
    at wrapModuleLoad (node:internal/modules/cjs/loader:217:24)    
    at Module.require (node:internal/modules/cjs/loader:1339:12)   
    at require (node:internal/modules/helpers:126:16)
    at Object.<anonymous> (C:\Users\kspra\Desktop\ARC-APPLICATION\server\routes\memberships.js:6:14)
    at Module._compile (node:internal/modules/cjs/loader:1546:14)  
    at Module._extensions..js (node:internal/modules/cjs/loader:1691:10)
    at Module.load (node:internal/modules/cjs/loader:1317:32) {    
  code: 'MODULE_NOT_FOUND',
  requireStack: [
    'C:\\Users\\kspra\\Desktop\\ARC-APPLICATION\\server\\routes\\memberships.js',
    'C:\\Users\\kspra\\Desktop\\ARC-APPLICATION\\server\\server.js'
  ]
}